12:51:58.823 skipping bootstrap configuration: could not find or read file: classpath:karate-config.js
12:51:59.555 request:
1 > POST https://gorest.co.in/public-api/users
1 > Accept-Encoding: gzip,deflate
1 > Connection: Keep-Alive
1 > Content-Length: 219
1 > Content-Type: application/json; charset=UTF-8
1 > Host: gorest.co.in
1 > User-Agent: Apache-HttpClient/4.5.5 (Java/1.8.0_251)
{"first_name":"Lin","last_name":"Nienow","gender":"female","dob":"2000-03-05","email":"lin.davis@example.org","phone":"360.351.3473 x43691","website":"http://www.kite.com","address":"366 Cassin Stree","status":"active"}

12:52:01.677 response time in milliseconds: 2118.96
1 < 200
1 < Connection: keep-alive
1 < Content-Type: application/json; charset=UTF-8
1 < Date: Mon, 29 Jun 2020 02:52:01 GMT
1 < Server: nginx
1 < Transfer-Encoding: chunked
1 < Vary: [Accept-Encoding, Accept]
1 < Www-Authenticate: Bearer realm="api"
1 < X-Frame-Options: sameorigin
{"_meta":{"success":false,"code":401,"message":"Authentication failed."},"result":{"name":"Unauthorized","message":"Your request was made with invalid credentials.","code":0,"status":401}}

